C:\USERS\OLIWER\DOCUMENTS\VISUAL STUDIO 2010\PROJECTS\IMPERIALSHUTTLE\DEBUG\IMPERIALSHUTTLE.EXE
C:\USERS\OLIWER\DOCUMENTS\VISUAL STUDIO 2010\PROJECTS\IMPERIALSHUTTLE\DEBUG\IMPERIALSHUTTLE.ILK
C:\USERS\OLIWER\DOCUMENTS\VISUAL STUDIO 2010\PROJECTS\IMPERIALSHUTTLE\DEBUG\IMPERIALSHUTTLE.PDB
C:\Users\Oliwer\documents\visual studio 2010\Projects\ImperialShuttle\ImperialShuttle\Debug\cl.command.1.tlog
C:\Users\Oliwer\documents\visual studio 2010\Projects\ImperialShuttle\ImperialShuttle\Debug\CL.read.1.tlog
C:\Users\Oliwer\documents\visual studio 2010\Projects\ImperialShuttle\ImperialShuttle\Debug\CL.write.1.tlog
C:\USERS\OLIWER\DOCUMENTS\VISUAL STUDIO 2010\PROJECTS\IMPERIALSHUTTLE\IMPERIALSHUTTLE\DEBUG\IMPERIALSHUTTLE.EXE.INTERMEDIATE.MANIFEST
C:\Users\Oliwer\documents\visual studio 2010\Projects\ImperialShuttle\ImperialShuttle\Debug\ImperialShuttle.write.1.tlog
C:\Users\Oliwer\documents\visual studio 2010\Projects\ImperialShuttle\ImperialShuttle\Debug\link.3240.read.1.tlog
C:\Users\Oliwer\documents\visual studio 2010\Projects\ImperialShuttle\ImperialShuttle\Debug\link.3240.write.1.tlog
C:\Users\Oliwer\documents\visual studio 2010\Projects\ImperialShuttle\ImperialShuttle\Debug\link.3672.read.1.tlog
C:\Users\Oliwer\documents\visual studio 2010\Projects\ImperialShuttle\ImperialShuttle\Debug\link.3672.write.1.tlog
C:\Users\Oliwer\documents\visual studio 2010\Projects\ImperialShuttle\ImperialShuttle\Debug\link.5892.read.1.tlog
C:\Users\Oliwer\documents\visual studio 2010\Projects\ImperialShuttle\ImperialShuttle\Debug\link.5892.write.1.tlog
C:\Users\Oliwer\documents\visual studio 2010\Projects\ImperialShuttle\ImperialShuttle\Debug\link.6232.read.1.tlog
C:\Users\Oliwer\documents\visual studio 2010\Projects\ImperialShuttle\ImperialShuttle\Debug\link.6232.write.1.tlog
C:\Users\Oliwer\documents\visual studio 2010\Projects\ImperialShuttle\ImperialShuttle\Debug\link.6500.read.1.tlog
C:\Users\Oliwer\documents\visual studio 2010\Projects\ImperialShuttle\ImperialShuttle\Debug\link.6500.write.1.tlog
C:\Users\Oliwer\documents\visual studio 2010\Projects\ImperialShuttle\ImperialShuttle\Debug\link.6588.read.1.tlog
C:\Users\Oliwer\documents\visual studio 2010\Projects\ImperialShuttle\ImperialShuttle\Debug\link.6588.write.1.tlog
C:\Users\Oliwer\documents\visual studio 2010\Projects\ImperialShuttle\ImperialShuttle\Debug\link.6644.read.1.tlog
C:\Users\Oliwer\documents\visual studio 2010\Projects\ImperialShuttle\ImperialShuttle\Debug\link.6644.write.1.tlog
C:\Users\Oliwer\documents\visual studio 2010\Projects\ImperialShuttle\ImperialShuttle\Debug\link.command.1.tlog
C:\Users\Oliwer\documents\visual studio 2010\Projects\ImperialShuttle\ImperialShuttle\Debug\link.read.1.tlog
C:\Users\Oliwer\documents\visual studio 2010\Projects\ImperialShuttle\ImperialShuttle\Debug\link.write.1.tlog
C:\USERS\OLIWER\DOCUMENTS\VISUAL STUDIO 2010\PROJECTS\IMPERIALSHUTTLE\IMPERIALSHUTTLE\DEBUG\MAIN.OBJ
C:\Users\Oliwer\documents\visual studio 2010\Projects\ImperialShuttle\ImperialShuttle\Debug\mt.command.1.tlog
C:\Users\Oliwer\documents\visual studio 2010\Projects\ImperialShuttle\ImperialShuttle\Debug\mt.read.1.tlog
C:\Users\Oliwer\documents\visual studio 2010\Projects\ImperialShuttle\ImperialShuttle\Debug\mt.write.1.tlog
C:\USERS\OLIWER\DOCUMENTS\VISUAL STUDIO 2010\PROJECTS\IMPERIALSHUTTLE\IMPERIALSHUTTLE\DEBUG\VC100.PDB
